<?xml version="1.0" encoding="UTF-8"?>
<coverage generated="1671799078322" clover="3.2.0">
  <project timestamp="1671799078322" name="All files">
    <metrics statements="14" coveredstatements="12" conditionals="6" coveredconditionals="4" methods="7" coveredmethods="7" elements="27" coveredelements="23" complexity="0" loc="14" ncloc="14" packages="1" files="3" classes="3"/>
    <file name="calculator.js" path="/Users/haliljonjuraboev/Desktop/Microverse/Module-2/week-3/Test-practice/calculator.js">
      <metrics statements="7" coveredstatements="6" conditionals="2" coveredconditionals="1" methods="4" coveredmethods="4"/>
      <line num="2" count="3" type="stmt"/>
      <line num="5" count="3" type="stmt"/>
      <line num="8" count="3" type="cond" truecount="1" falsecount="1"/>
      <line num="9" count="0" type="stmt"/>
      <line num="11" count="3" type="stmt"/>
      <line num="14" count="3" type="stmt"/>
      <line num="17" count="1" type="stmt"/>
    </file>
    <file name="capitalizeStr.js" path="/Users/haliljonjuraboev/Desktop/Microverse/Module-2/week-3/Test-practice/capitalizeStr.js">
      <metrics statements="2" coveredstatements="2" conditionals="0" coveredconditionals="0" methods="1" coveredmethods="1"/>
      <line num="2" count="1" type="stmt"/>
      <line num="5" count="1" type="stmt"/>
    </file>
    <file name="strings.js" path="/Users/haliljonjuraboev/Desktop/Microverse/Module-2/week-3/Test-practice/strings.js">
      <metrics statements="5" coveredstatements="4" conditionals="4" coveredconditionals="3" methods="2" coveredmethods="2"/>
      <line num="2" count="3" type="cond" truecount="3" falsecount="1"/>
      <line num="3" count="0" type="stmt"/>
      <line num="5" count="3" type="stmt"/>
      <line num="9" count="1" type="stmt"/>
      <line num="12" count="1" type="stmt"/>
    </file>
  </project>
</coverage>
