{"/Users/haliljonjuraboev/Desktop/Microverse/Module-2/week-3/Test-practice/calculator.js": {"path":"/Users/haliljonjuraboev/Desktop/Microverse/Module-2/week-3/Test-practice/calculator.js","statementMap":{"0":{"start":{"line":2,"column":2},"end":{"line":2,"column":15}},"1":{"start":{"line":5,"column":2},"end":{"line":5,"column":15}},"2":{"start":{"line":8,"column":2},"end":{"line":10,"column":3}},"3":{"start":{"line":9,"column":4},"end":{"line":9,"column":54}},"4":{"start":{"line":11,"column":2},"end":{"line":11,"column":15}},"5":{"start":{"line":14,"column":2},"end":{"line":14,"column":15}},"6":{"start":{"line":17,"column":0},"end":{"line":17,"column":53}}},"fnMap":{"0":{"name":"add","decl":{"start":{"line":1,"column":9},"end":{"line":1,"column":12}},"loc":{"start":{"line":1,"column":19},"end":{"line":3,"column":1}},"line":1},"1":{"name":"subtract","decl":{"start":{"line":4,"column":9},"end":{"line":4,"column":17}},"loc":{"start":{"line":4,"column":24},"end":{"line":6,"column":1}},"line":4},"2":{"name":"divide","decl":{"start":{"line":7,"column":9},"end":{"line":7,"column":15}},"loc":{"start":{"line":7,"column":22},"end":{"line":12,"column":1}},"line":7},"3":{"name":"multiply","decl":{"start":{"line":13,"column":9},"end":{"line":13,"column":17}},"loc":{"start":{"line":13,"column":24},"end":{"line":15,"column":1}},"line":13}},"branchMap":{"0":{"loc":{"start":{"line":8,"column":2},"end":{"line":10,"column":3}},"type":"if","locations":[{"start":{"line":8,"column":2},"end":{"line":10,"column":3}},{"start":{},"end":{}}],"line":8}},"s":{"0":3,"1":3,"2":3,"3":0,"4":3,"5":3,"6":1},"f":{"0":3,"1":3,"2":3,"3":3},"b":{"0":[0,3]},"_coverageSchema":"1a1c01bbd47fc00a2c39e90264f33305004495a9","hash":"3593afd7cdb03473ad5a1ee7964af98d054315b1"}
,"/Users/haliljonjuraboev/Desktop/Microverse/Module-2/week-3/Test-practice/capitalizeStr.js": {"path":"/Users/haliljonjuraboev/Desktop/Microverse/Module-2/week-3/Test-practice/capitalizeStr.js","statementMap":{"0":{"start":{"line":2,"column":2},"end":{"line":2,"column":52}},"1":{"start":{"line":5,"column":0},"end":{"line":5,"column":31}}},"fnMap":{"0":{"name":"capitalizeStr","decl":{"start":{"line":1,"column":9},"end":{"line":1,"column":22}},"loc":{"start":{"line":1,"column":28},"end":{"line":3,"column":1}},"line":1}},"branchMap":{},"s":{"0":1,"1":1},"f":{"0":1},"b":{},"_coverageSchema":"1a1c01bbd47fc00a2c39e90264f33305004495a9","hash":"52fec36d97298b6b78661b4ea67a94818f28335e"}
,"/Users/haliljonjuraboev/Desktop/Microverse/Module-2/week-3/Test-practice/strings.js": {"path":"/Users/haliljonjuraboev/Desktop/Microverse/Module-2/week-3/Test-practice/strings.js","statementMap":{"0":{"start":{"line":2,"column":2},"end":{"line":4,"column":3}},"1":{"start":{"line":3,"column":4},"end":{"line":3,"column":58}},"2":{"start":{"line":5,"column":2},"end":{"line":5,"column":20}},"3":{"start":{"line":9,"column":2},"end":{"line":9,"column":42}},"4":{"start":{"line":12,"column":0},"end":{"line":12,"column":46}}},"fnMap":{"0":{"name":"stringLength","decl":{"start":{"line":1,"column":9},"end":{"line":1,"column":21}},"loc":{"start":{"line":1,"column":27},"end":{"line":6,"column":1}},"line":1},"1":{"name":"reverseStr","decl":{"start":{"line":8,"column":9},"end":{"line":8,"column":19}},"loc":{"start":{"line":8,"column":25},"end":{"line":10,"column":1}},"line":8}},"branchMap":{"0":{"loc":{"start":{"line":2,"column":2},"end":{"line":4,"column":3}},"type":"if","locations":[{"start":{"line":2,"column":2},"end":{"line":4,"column":3}},{"start":{},"end":{}}],"line":2},"1":{"loc":{"start":{"line":2,"column":6},"end":{"line":2,"column":39}},"type":"binary-expr","locations":[{"start":{"line":2,"column":6},"end":{"line":2,"column":20}},{"start":{"line":2,"column":24},"end":{"line":2,"column":39}}],"line":2}},"s":{"0":3,"1":0,"2":3,"3":1,"4":1},"f":{"0":3,"1":1},"b":{"0":[0,3],"1":[3,3]},"_coverageSchema":"1a1c01bbd47fc00a2c39e90264f33305004495a9","hash":"ce6b4f66d13d9d81fd0215629909d8150c7ea6b1"}
}
