TN:
SF:calculator.js
FN:1,add
FN:4,subtract
FN:7,divide
FN:13,multiply
FNF:4
FNH:4
FNDA:3,add
FNDA:3,subtract
FNDA:3,divide
FNDA:3,multiply
DA:2,3
DA:5,3
DA:8,3
DA:9,0
DA:11,3
DA:14,3
DA:17,1
LF:7
LH:6
BRDA:8,0,0,0
BRDA:8,0,1,3
BRF:2
BRH:1
end_of_record
TN:
SF:capitalizeStr.js
FN:1,capitalizeStr
FNF:1
FNH:1
FNDA:1,capitalizeStr
DA:2,1
DA:5,1
LF:2
LH:2
BRF:0
BRH:0
end_of_record
TN:
SF:strings.js
FN:1,stringLength
FN:8,reverseStr
FNF:2
FNH:2
FNDA:3,stringLength
FNDA:1,reverseStr
DA:2,3
DA:3,0
DA:5,3
DA:9,1
DA:12,1
LF:5
LH:4
BRDA:2,0,0,0
BRDA:2,0,1,3
BRDA:2,1,0,3
BRDA:2,1,1,3
BRF:4
BRH:3
end_of_record
